[24-Apr-2026 16:42:02 UTC] PHP Parse error:  syntax error, unexpected token "return" in C:\xampp\htdocs\SPC\src\Application.php on line 93
[24-Apr-2026 16:42:06 UTC] PHP Parse error:  syntax error, unexpected token "return" in C:\xampp\htdocs\SPC\src\Application.php on line 93
[24-Apr-2026 16:43:02 UTC] PHP Parse error:  syntax error, unexpected token "return" in C:\xampp\htdocs\SPC\src\Application.php on line 93
[24-Apr-2026 10:24:08 America/Hermosillo] PHP Fatal error:  Maximum execution time of 30 seconds exceeded in C:\xampp\htdocs\SPC\vendor\cakephp\cakephp\src\Database\Driver.php on line 192
Stack trace:
#0 C:\xampp\htdocs\SPC\vendor\cakephp\cakephp\src\Database\Driver.php(192): PDO->__construct('...', '...', Object(SensitiveParameterValue), Array)
#1 C:\xampp\htdocs\SPC\vendor\cakephp\cakephp\src\Core\Retry\CommandRetry.php(71): Cake\Database\Driver->{closure:Cake\Database\Driver::createPdo():192}()
#2 C:\xampp\htdocs\SPC\vendor\cakephp\cakephp\src\Database\Driver.php(201): Cake\Core\Retry\CommandRetry->run(Object(Closure))
#3 C:\xampp\htdocs\SPC\vendor\cakephp\cakephp\src\Database\Driver\Mysql.php(161): Cake\Database\Driver->createPdo('...', Array)
#4 C:\xampp\htdocs\SPC\vendor\cakephp\cakephp\src\Database\Schema\SchemaDialect.php(60): Cake\Database\Driver\Mysql->connect()
#5 C:\xampp\htdocs\SPC\vendor\cakephp\cakephp\src\Database\Driver\Mysql.php(207): Cake\Database\Schema\SchemaDialect->__construct(Object(Cake\Database\Driver\Mysql))
#6 C:\xampp\htdocs\SPC\vendor\cakephp\cakephp\src\Database\Schema\Collection.php(97): Cake\Database\Driver\Mysql->schemaDialect()
#7 C:\xampp\htdocs\SPC\vendor\cakephp\cakephp\src\Database\Schema\Collection.php(87): Cake\Database\Schema\Collection->getDialect()
#8 C:\xampp\htdocs\SPC\vendor\cakephp\cakephp\src\Database\Schema\CachedCollection.php(107): Cake\Database\Schema\Collection->describe('...', Array)
#9 C:\xampp\htdocs\SPC\vendor\cakephp\cakephp\src\ORM\Table.php(525): Cake\Database\Schema\CachedCollection->describe('...')
#10 C:\xampp\htdocs\SPC\vendor\cakephp\cakephp\src\ORM\Query\CommonQueryTrait.php(50): Cake\ORM\Table->getSchema()
#11 C:\xampp\htdocs\SPC\vendor\cakephp\cakephp\src\ORM\Query\SelectQuery.php(209): Cake\ORM\Query\SelectQuery->addDefaultTypes(Object(SPC\Model\Table\RolesTable))
#12 C:\xampp\htdocs\SPC\vendor\cakephp\cakephp\src\ORM\Query\QueryFactory.php(34): Cake\ORM\Query\SelectQuery->__construct(Object(SPC\Model\Table\RolesTable))
#13 C:\xampp\htdocs\SPC\vendor\cakephp\cakephp\src\ORM\Table.php(1755): Cake\ORM\Query\QueryFactory->select(Object(SPC\Model\Table\RolesTable))
#14 C:\xampp\htdocs\SPC\vendor\cakephp\cakephp\src\ORM\Table.php(1279): Cake\ORM\Table->selectQuery()
#15 C:\xampp\htdocs\SPC\src\Controller\RolesController.php(91): Cake\ORM\Table->find()
#16 C:\xampp\htdocs\SPC\src\Controller\RolesController.php(30): SPC\Controller\RolesController->getRequestedRol()
#17 C:\xampp\htdocs\SPC\vendor\cakephp\cakephp\src\Controller\Controller.php(503): SPC\Controller\RolesController->view()
#18 C:\xampp\htdocs\SPC\vendor\cakephp\cakephp\src\Controller\ControllerFactory.php(166): Cake\Controller\Controller->invokeAction(Object(Closure), Array)
#19 C:\xampp\htdocs\SPC\vendor\cakephp\cakephp\src\Controller\ControllerFactory.php(141): Cake\Controller\ControllerFactory->handle(Object(Cake\Http\ServerRequest))
#20 C:\xampp\htdocs\SPC\vendor\cakephp\cakephp\src\Http\BaseApplication.php(362): Cake\Controller\ControllerFactory->invoke(Object(SPC\Controller\RolesController))
#21 C:\xampp\htdocs\SPC\vendor\cakephp\cakephp\src\Http\Runner.php(86): Cake\Http\BaseApplication->handle(Object(Cake\Http\ServerRequest))
#22 C:\xampp\htdocs\SPC\vendor\cakephp\authentication\src\Middleware\AuthenticationMiddleware.php(103): Cake\Http\Runner->handle(Object(Cake\Http\ServerRequest))
#23 C:\xampp\htdocs\SPC\vendor\cakephp\cakephp\src\Http\Runner.php(82): Authentication\Middleware\AuthenticationMiddleware->process(Object(Cake\Http\ServerRequest), Object(Cake\Http\Runner))
#24 C:\xampp\htdocs\SPC\vendor\cakephp\cakephp\src\Http\Middleware\CsrfProtectionMiddleware.php(169): Cake\Http\Runner->handle(Object(Cake\Http\ServerRequest))
#25 C:\xampp\htdocs\SPC\vendor\cakephp\cakephp\src\Http\Runner.php(82): Cake\Http\Middleware\CsrfProtectionMiddleware->process(Object(Cake\Http\ServerRequest), Object(Cake\Http\Runner))
#26 C:\xampp\htdocs\SPC\vendor\cakephp\cakephp\src\Http\Middleware\BodyParserMiddleware.php(157): Cake\Http\Runner->handle(Object(Cake\Http\ServerRequest))
#27 C:\xampp\htdocs\SPC\vendor\cakephp\cakephp\src\Http\Runner.php(82): Cake\Http\Middleware\BodyParserMiddleware->process(Object(Cake\Http\ServerRequest), Object(Cake\Http\Runner))
#28 C:\xampp\htdocs\SPC\vendor\cakephp\cakephp\src\Routing\Middleware\RoutingMiddleware.php(118): Cake\Http\Runner->handle(Object(Cake\Http\ServerRequest))
#29 C:\xampp\htdocs\SPC\vendor\cakephp\cakephp\src\Http\Runner.php(82): Cake\Routing\Middleware\RoutingMiddleware->process(Object(Cake\Http\ServerRequest), Object(Cake\Http\Runner))
#30 C:\xampp\htdocs\SPC\vendor\cakephp\cakephp\src\Routing\Middleware\AssetMiddleware.php(71): Cake\Http\Runner->handle(Object(Cake\Http\ServerRequest))
#31 C:\xampp\htdocs\SPC\vendor\cakephp\cakephp\src\Http\Runner.php(82): Cake\Routing\Middleware\AssetMiddleware->process(Object(Cake\Http\ServerRequest), Object(Cake\Http\Runner))
#32 C:\xampp\htdocs\SPC\vendor\cakephp\cakephp\src\Error\Middleware\ErrorHandlerMiddleware.php(115): Cake\Http\Runner->handle(Object(Cake\Http\ServerRequest))
#33 C:\xampp\htdocs\SPC\vendor\cakephp\cakephp\src\Http\Runner.php(82): Cake\Error\Middleware\ErrorHandlerMiddleware->process(Object(Cake\Http\ServerRequest), Object(Cake\Http\Runner))
#34 C:\xampp\htdocs\SPC\vendor\cakephp\debug_kit\src\Middleware\DebugKitMiddleware.php(60): Cake\Http\Runner->handle(Object(Cake\Http\ServerRequest))
#35 C:\xampp\htdocs\SPC\vendor\cakephp\cakephp\src\Http\Runner.php(82): DebugKit\Middleware\DebugKitMiddleware->process(Object(Cake\Http\ServerRequest), Object(Cake\Http\Runner))
#36 C:\xampp\htdocs\SPC\vendor\cakephp\cakephp\src\Http\Runner.php(60): Cake\Http\Runner->handle(Object(Cake\Http\ServerRequest))
#37 C:\xampp\htdocs\SPC\vendor\cakephp\cakephp\src\Http\Server.php(98): Cake\Http\Runner->run(Object(Cake\Http\MiddlewareQueue), Object(Cake\Http\ServerRequest), Object(SPC\Application))
#38 C:\xampp\htdocs\SPC\webroot\index.php(38): Cake\Http\Server->run()
#39 {main}
[24-Apr-2026 10:24:08 America/Hermosillo] PHP Fatal error:  Maximum execution time of 30 seconds exceeded in C:\xampp\htdocs\SPC\vendor\cakephp\cakephp\src\Database\Driver.php on line 192
Stack trace:
#0 C:\xampp\htdocs\SPC\vendor\cakephp\cakephp\src\Database\Driver.php(192): PDO->__construct('...', '...', Object(SensitiveParameterValue), Array)
#1 C:\xampp\htdocs\SPC\vendor\cakephp\cakephp\src\Core\Retry\CommandRetry.php(71): Cake\Database\Driver->{closure:Cake\Database\Driver::createPdo():192}()
#2 C:\xampp\htdocs\SPC\vendor\cakephp\cakephp\src\Database\Driver.php(201): Cake\Core\Retry\CommandRetry->run(Object(Closure))
#3 C:\xampp\htdocs\SPC\vendor\cakephp\cakephp\src\Database\Driver\Mysql.php(161): Cake\Database\Driver->createPdo('...', Array)
#4 C:\xampp\htdocs\SPC\vendor\cakephp\cakephp\src\Database\Schema\SchemaDialect.php(60): Cake\Database\Driver\Mysql->connect()
#5 C:\xampp\htdocs\SPC\vendor\cakephp\cakephp\src\Database\Driver\Mysql.php(207): Cake\Database\Schema\SchemaDialect->__construct(Object(Cake\Database\Driver\Mysql))
#6 C:\xampp\htdocs\SPC\vendor\cakephp\cakephp\src\Database\Schema\Collection.php(97): Cake\Database\Driver\Mysql->schemaDialect()
#7 C:\xampp\htdocs\SPC\vendor\cakephp\cakephp\src\Database\Schema\Collection.php(87): Cake\Database\Schema\Collection->getDialect()
#8 C:\xampp\htdocs\SPC\vendor\cakephp\cakephp\src\Database\Schema\CachedCollection.php(107): Cake\Database\Schema\Collection->describe('...', Array)
#9 C:\xampp\htdocs\SPC\vendor\cakephp\cakephp\src\ORM\Table.php(525): Cake\Database\Schema\CachedCollection->describe('...')
#10 C:\xampp\htdocs\SPC\vendor\cakephp\cakephp\src\ORM\Query\CommonQueryTrait.php(50): Cake\ORM\Table->getSchema()
#11 C:\xampp\htdocs\SPC\vendor\cakephp\cakephp\src\ORM\Query\SelectQuery.php(209): Cake\ORM\Query\SelectQuery->addDefaultTypes(Object(SPC\Model\Table\UsuariosTable))
#12 C:\xampp\htdocs\SPC\vendor\cakephp\cakephp\src\ORM\Query\QueryFactory.php(34): Cake\ORM\Query\SelectQuery->__construct(Object(SPC\Model\Table\UsuariosTable))
#13 C:\xampp\htdocs\SPC\vendor\cakephp\cakephp\src\ORM\Table.php(1755): Cake\ORM\Query\QueryFactory->select(Object(SPC\Model\Table\UsuariosTable))
#14 C:\xampp\htdocs\SPC\vendor\cakephp\authentication\src\Identifier\Resolver\OrmResolver.php(60): Cake\ORM\Table->selectQuery()
#15 C:\xampp\htdocs\SPC\vendor\cakephp\authentication\src\Identifier\PasswordIdentifier.php(162): Authentication\Identifier\Resolver\OrmResolver->find(Array, '...')
#16 C:\xampp\htdocs\SPC\vendor\cakephp\authentication\src\Identifier\PasswordIdentifier.php(104): Authentication\Identifier\PasswordIdentifier->_findIdentity('...')
#17 C:\xampp\htdocs\SPC\vendor\cakephp\authentication\src\Authenticator\FormAuthenticator.php(161): Authentication\Identifier\PasswordIdentifier->identify(Array)
#18 C:\xampp\htdocs\SPC\vendor\cakephp\authentication\src\AuthenticationService.php(159): Authentication\Authenticator\FormAuthenticator->authenticate(Object(Cake\Http\ServerRequest))
#19 C:\xampp\htdocs\SPC\vendor\cakephp\authentication\src\Middleware\AuthenticationMiddleware.php(84): Authentication\AuthenticationService->authenticate(Object(Cake\Http\ServerRequest))
#20 C:\xampp\htdocs\SPC\vendor\cakephp\cakephp\src\Http\Runner.php(82): Authentication\Middleware\AuthenticationMiddleware->process(Object(Cake\Http\ServerRequest), Object(Cake\Http\Runner))
#21 C:\xampp\htdocs\SPC\vendor\cakephp\cakephp\src\Http\Middleware\CsrfProtectionMiddleware.php(169): Cake\Http\Runner->handle(Object(Cake\Http\ServerRequest))
#22 C:\xampp\htdocs\SPC\vendor\cakephp\cakephp\src\Http\Runner.php(82): Cake\Http\Middleware\CsrfProtectionMiddleware->process(Object(Cake\Http\ServerRequest), Object(Cake\Http\Runner))
#23 C:\xampp\htdocs\SPC\vendor\cakephp\cakephp\src\Http\Middleware\BodyParserMiddleware.php(162): Cake\Http\Runner->handle(Object(Cake\Http\ServerRequest))
#24 C:\xampp\htdocs\SPC\vendor\cakephp\cakephp\src\Http\Runner.php(82): Cake\Http\Middleware\BodyParserMiddleware->process(Object(Cake\Http\ServerRequest), Object(Cake\Http\Runner))
#25 C:\xampp\htdocs\SPC\vendor\cakephp\cakephp\src\Routing\Middleware\RoutingMiddleware.php(118): Cake\Http\Runner->handle(Object(Cake\Http\ServerRequest))
#26 C:\xampp\htdocs\SPC\vendor\cakephp\cakephp\src\Http\Runner.php(82): Cake\Routing\Middleware\RoutingMiddleware->process(Object(Cake\Http\ServerRequest), Object(Cake\Http\Runner))
#27 C:\xampp\htdocs\SPC\vendor\cakephp\cakephp\src\Routing\Middleware\AssetMiddleware.php(71): Cake\Http\Runner->handle(Object(Cake\Http\ServerRequest))
#28 C:\xampp\htdocs\SPC\vendor\cakephp\cakephp\src\Http\Runner.php(82): Cake\Routing\Middleware\AssetMiddleware->process(Object(Cake\Http\ServerRequest), Object(Cake\Http\Runner))
#29 C:\xampp\htdocs\SPC\vendor\cakephp\cakephp\src\Error\Middleware\ErrorHandlerMiddleware.php(115): Cake\Http\Runner->handle(Object(Cake\Http\ServerRequest))
#30 C:\xampp\htdocs\SPC\vendor\cakephp\cakephp\src\Http\Runner.php(82): Cake\Error\Middleware\ErrorHandlerMiddleware->process(Object(Cake\Http\ServerRequest), Object(Cake\Http\Runner))
#31 C:\xampp\htdocs\SPC\vendor\cakephp\debug_kit\src\Middleware\DebugKitMiddleware.php(60): Cake\Http\Runner->handle(Object(Cake\Http\ServerRequest))
#32 C:\xampp\htdocs\SPC\vendor\cakephp\cakephp\src\Http\Runner.php(82): DebugKit\Middleware\DebugKitMiddleware->process(Object(Cake\Http\ServerRequest), Object(Cake\Http\Runner))
#33 C:\xampp\htdocs\SPC\vendor\cakephp\cakephp\src\Http\Runner.php(60): Cake\Http\Runner->handle(Object(Cake\Http\ServerRequest))
#34 C:\xampp\htdocs\SPC\vendor\cakephp\cakephp\src\Http\Server.php(98): Cake\Http\Runner->run(Object(Cake\Http\MiddlewareQueue), Object(Cake\Http\ServerRequest), Object(SPC\Application))
#35 C:\xampp\htdocs\SPC\webroot\index.php(38): Cake\Http\Server->run()
#36 {main}
[24-Apr-2026 10:24:08 America/Hermosillo] PHP Fatal error:  Maximum execution time of 30 seconds exceeded in C:\xampp\htdocs\SPC\vendor\cakephp\cakephp\src\Database\Driver.php on line 192
Stack trace:
#0 C:\xampp\htdocs\SPC\vendor\cakephp\cakephp\src\Database\Driver.php(192): PDO->__construct('...', '...', Object(SensitiveParameterValue), Array)
#1 C:\xampp\htdocs\SPC\vendor\cakephp\cakephp\src\Core\Retry\CommandRetry.php(71): Cake\Database\Driver->{closure:Cake\Database\Driver::createPdo():192}()
#2 C:\xampp\htdocs\SPC\vendor\cakephp\cakephp\src\Database\Driver.php(201): Cake\Core\Retry\CommandRetry->run(Object(Closure))
#3 C:\xampp\htdocs\SPC\vendor\cakephp\cakephp\src\Database\Driver\Mysql.php(161): Cake\Database\Driver->createPdo('...', Array)
#4 C:\xampp\htdocs\SPC\vendor\cakephp\cakephp\src\Database\Schema\SchemaDialect.php(60): Cake\Database\Driver\Mysql->connect()
#5 C:\xampp\htdocs\SPC\vendor\cakephp\cakephp\src\Database\Driver\Mysql.php(207): Cake\Database\Schema\SchemaDialect->__construct(Object(Cake\Database\Driver\Mysql))
#6 C:\xampp\htdocs\SPC\vendor\cakephp\cakephp\src\Database\Schema\Collection.php(97): Cake\Database\Driver\Mysql->schemaDialect()
#7 C:\xampp\htdocs\SPC\vendor\cakephp\cakephp\src\Database\Schema\Collection.php(87): Cake\Database\Schema\Collection->getDialect()
#8 C:\xampp\htdocs\SPC\vendor\cakephp\cakephp\src\Database\Schema\CachedCollection.php(107): Cake\Database\Schema\Collection->describe('...', Array)
#9 C:\xampp\htdocs\SPC\vendor\cakephp\cakephp\src\ORM\Table.php(525): Cake\Database\Schema\CachedCollection->describe('...')
#10 C:\xampp\htdocs\SPC\vendor\cakephp\cakephp\src\ORM\Association.php(561): Cake\ORM\Table->getSchema()
#11 C:\xampp\htdocs\SPC\src\Model\Table\BitacoraCabinaTable.php(28): Cake\ORM\Association->setProperty('...')
#12 C:\xampp\htdocs\SPC\vendor\cakephp\cakephp\src\ORM\Table.php(331): SPC\Model\Table\BitacoraCabinaTable->initialize(Array)
#13 C:\xampp\htdocs\SPC\vendor\cakephp\cakephp\src\ORM\Locator\TableLocator.php(311): Cake\ORM\Table->__construct(Array)
#14 C:\xampp\htdocs\SPC\vendor\cakephp\cakephp\src\ORM\Locator\TableLocator.php(264): Cake\ORM\Locator\TableLocator->_create(Array)
#15 C:\xampp\htdocs\SPC\vendor\cakephp\cakephp\src\Datasource\Locator\AbstractLocator.php(71): Cake\ORM\Locator\TableLocator->createInstance('...', Array)
#16 C:\xampp\htdocs\SPC\vendor\cakephp\cakephp\src\ORM\Locator\TableLocator.php(204): Cake\Datasource\Locator\AbstractLocator->get('...', Array)
#17 C:\xampp\htdocs\SPC\vendor\cakephp\cakephp\src\ORM\Locator\LocatorAwareTrait.php(99): Cake\ORM\Locator\TableLocator->get('...', Array)
#18 C:\xampp\htdocs\SPC\vendor\cakephp\cakephp\src\Controller\Controller.php(304): Cake\Controller\Controller->fetchTable()
#19 C:\xampp\htdocs\SPC\src\Controller\BitacoraCabinaController.php(32): Cake\Controller\Controller->__get('...')
#20 C:\xampp\htdocs\SPC\vendor\cakephp\cakephp\src\Controller\Controller.php(503): SPC\Controller\BitacoraCabinaController->display()
#21 C:\xampp\htdocs\SPC\vendor\cakephp\cakephp\src\Controller\ControllerFactory.php(166): Cake\Controller\Controller->invokeAction(Object(Closure), Array)
#22 C:\xampp\htdocs\SPC\vendor\cakephp\cakephp\src\Controller\ControllerFactory.php(141): Cake\Controller\ControllerFactory->handle(Object(Cake\Http\ServerRequest))
#23 C:\xampp\htdocs\SPC\vendor\cakephp\cakephp\src\Http\BaseApplication.php(362): Cake\Controller\ControllerFactory->invoke(Object(SPC\Controller\BitacoraCabinaController))
#24 C:\xampp\htdocs\SPC\vendor\cakephp\cakephp\src\Http\Runner.php(86): Cake\Http\BaseApplication->handle(Object(Cake\Http\ServerRequest))
#25 C:\xampp\htdocs\SPC\vendor\cakephp\authentication\src\Middleware\AuthenticationMiddleware.php(103): Cake\Http\Runner->handle(Object(Cake\Http\ServerRequest))
#26 C:\xampp\htdocs\SPC\vendor\cakephp\cakephp\src\Http\Runner.php(82): Authentication\Middleware\AuthenticationMiddleware->process(Object(Cake\Http\ServerRequest), Object(Cake\Http\Runner))
#27 C:\xampp\htdocs\SPC\vendor\cakephp\cakephp\src\Http\Middleware\CsrfProtectionMiddleware.php(169): Cake\Http\Runner->handle(Object(Cake\Http\ServerRequest))
#28 C:\xampp\htdocs\SPC\vendor\cakephp\cakephp\src\Http\Runner.php(82): Cake\Http\Middleware\CsrfProtectionMiddleware->process(Object(Cake\Http\ServerRequest), Object(Cake\Http\Runner))
#29 C:\xampp\htdocs\SPC\vendor\cakephp\cakephp\src\Http\Middleware\BodyParserMiddleware.php(157): Cake\Http\Runner->handle(Object(Cake\Http\ServerRequest))
#30 C:\xampp\htdocs\SPC\vendor\cakephp\cakephp\src\Http\Runner.php(82): Cake\Http\Middleware\BodyParserMiddleware->process(Object(Cake\Http\ServerRequest), Object(Cake\Http\Runner))
#31 C:\xampp\htdocs\SPC\vendor\cakephp\cakephp\src\Routing\Middleware\RoutingMiddleware.php(118): Cake\Http\Runner->handle(Object(Cake\Http\ServerRequest))
#32 C:\xampp\htdocs\SPC\vendor\cakephp\cakephp\src\Http\Runner.php(82): Cake\Routing\Middleware\RoutingMiddleware->process(Object(Cake\Http\ServerRequest), Object(Cake\Http\Runner))
#33 C:\xampp\htdocs\SPC\vendor\cakephp\cakephp\src\Routing\Middleware\AssetMiddleware.php(71): Cake\Http\Runner->handle(Object(Cake\Http\ServerRequest))
#34 C:\xampp\htdocs\SPC\vendor\cakephp\cakephp\src\Http\Runner.php(82): Cake\Routing\Middleware\AssetMiddleware->process(Object(Cake\Http\ServerRequest), Object(Cake\Http\Runner))
#35 C:\xampp\htdocs\SPC\vendor\cakephp\cakephp\src\Error\Middleware\ErrorHandlerMiddleware.php(115): Cake\Http\Runner->handle(Object(Cake\Http\ServerRequest))
#36 C:\xampp\htdocs\SPC\vendor\cakephp\cakephp\src\Http\Runner.php(82): Cake\Error\Middleware\ErrorHandlerMiddleware->process(Object(Cake\Http\ServerRequest), Object(Cake\Http\Runner))
#37 C:\xampp\htdocs\SPC\vendor\cakephp\debug_kit\src\Middleware\DebugKitMiddleware.php(60): Cake\Http\Runner->handle(Object(Cake\Http\ServerRequest))
#38 C:\xampp\htdocs\SPC\vendor\cakephp\cakephp\src\Http\Runner.php(82): DebugKit\Middleware\DebugKitMiddleware->process(Object(Cake\Http\ServerRequest), Object(Cake\Http\Runner))
#39 C:\xampp\htdocs\SPC\vendor\cakephp\cakephp\src\Http\Runner.php(60): Cake\Http\Runner->handle(Object(Cake\Http\ServerRequest))
#40 C:\xampp\htdocs\SPC\vendor\cakephp\cakephp\src\Http\Server.php(98): Cake\Http\Runner->run(Object(Cake\Http\MiddlewareQueue), Object(Cake\Http\ServerRequest), Object(SPC\Application))
#41 C:\xampp\htdocs\SPC\webroot\index.php(38): Cake\Http\Server->run()
#42 {main}
[24-Apr-2026 10:24:08 America/Hermosillo] PHP Fatal error:  Maximum execution time of 30 seconds exceeded in C:\xampp\htdocs\SPC\vendor\cakephp\cakephp\src\Database\Driver.php on line 192
Stack trace:
#0 C:\xampp\htdocs\SPC\vendor\cakephp\cakephp\src\Database\Driver.php(192): PDO->__construct('...', '...', Object(SensitiveParameterValue), Array)
#1 C:\xampp\htdocs\SPC\vendor\cakephp\cakephp\src\Core\Retry\CommandRetry.php(71): Cake\Database\Driver->{closure:Cake\Database\Driver::createPdo():192}()
#2 C:\xampp\htdocs\SPC\vendor\cakephp\cakephp\src\Database\Driver.php(201): Cake\Core\Retry\CommandRetry->run(Object(Closure))
#3 C:\xampp\htdocs\SPC\vendor\cakephp\cakephp\src\Database\Driver\Mysql.php(161): Cake\Database\Driver->createPdo('...', Array)
#4 C:\xampp\htdocs\SPC\vendor\cakephp\cakephp\src\Database\Schema\SchemaDialect.php(60): Cake\Database\Driver\Mysql->connect()
#5 C:\xampp\htdocs\SPC\vendor\cakephp\cakephp\src\Database\Driver\Mysql.php(207): Cake\Database\Schema\SchemaDialect->__construct(Object(Cake\Database\Driver\Mysql))
#6 C:\xampp\htdocs\SPC\vendor\cakephp\cakephp\src\Database\Schema\Collection.php(97): Cake\Database\Driver\Mysql->schemaDialect()
#7 C:\xampp\htdocs\SPC\vendor\cakephp\cakephp\src\Database\Schema\Collection.php(87): Cake\Database\Schema\Collection->getDialect()
#8 C:\xampp\htdocs\SPC\vendor\cakephp\cakephp\src\Database\Schema\CachedCollection.php(107): Cake\Database\Schema\Collection->describe('...', Array)
#9 C:\xampp\htdocs\SPC\vendor\cakephp\cakephp\src\ORM\Table.php(525): Cake\Database\Schema\CachedCollection->describe('...')
#10 C:\xampp\htdocs\SPC\vendor\cakephp\cakephp\src\ORM\Query\CommonQueryTrait.php(50): Cake\ORM\Table->getSchema()
#11 C:\xampp\htdocs\SPC\vendor\cakephp\cakephp\src\ORM\Query\SelectQuery.php(209): Cake\ORM\Query\SelectQuery->addDefaultTypes(Object(SPC\Model\Table\UsuariosTable))
#12 C:\xampp\htdocs\SPC\vendor\cakephp\cakephp\src\ORM\Query\QueryFactory.php(34): Cake\ORM\Query\SelectQuery->__construct(Object(SPC\Model\Table\UsuariosTable))
#13 C:\xampp\htdocs\SPC\vendor\cakephp\cakephp\src\ORM\Table.php(1755): Cake\ORM\Query\QueryFactory->select(Object(SPC\Model\Table\UsuariosTable))
#14 C:\xampp\htdocs\SPC\vendor\cakephp\authentication\src\Identifier\Resolver\OrmResolver.php(60): Cake\ORM\Table->selectQuery()
#15 C:\xampp\htdocs\SPC\vendor\cakephp\authentication\src\Identifier\PasswordIdentifier.php(162): Authentication\Identifier\Resolver\OrmResolver->find(Array, '...')
#16 C:\xampp\htdocs\SPC\vendor\cakephp\authentication\src\Identifier\PasswordIdentifier.php(104): Authentication\Identifier\PasswordIdentifier->_findIdentity('...')
#17 C:\xampp\htdocs\SPC\vendor\cakephp\authentication\src\Authenticator\FormAuthenticator.php(161): Authentication\Identifier\PasswordIdentifier->identify(Array)
#18 C:\xampp\htdocs\SPC\vendor\cakephp\authentication\src\AuthenticationService.php(159): Authentication\Authenticator\FormAuthenticator->authenticate(Object(Cake\Http\ServerRequest))
#19 C:\xampp\htdocs\SPC\vendor\cakephp\authentication\src\Middleware\AuthenticationMiddleware.php(84): Authentication\AuthenticationService->authenticate(Object(Cake\Http\ServerRequest))
#20 C:\xampp\htdocs\SPC\vendor\cakephp\cakephp\src\Http\Runner.php(82): Authentication\Middleware\AuthenticationMiddleware->process(Object(Cake\Http\ServerRequest), Object(Cake\Http\Runner))
#21 C:\xampp\htdocs\SPC\vendor\cakephp\cakephp\src\Http\Middleware\CsrfProtectionMiddleware.php(169): Cake\Http\Runner->handle(Object(Cake\Http\ServerRequest))
#22 C:\xampp\htdocs\SPC\vendor\cakephp\cakephp\src\Http\Runner.php(82): Cake\Http\Middleware\CsrfProtectionMiddleware->process(Object(Cake\Http\ServerRequest), Object(Cake\Http\Runner))
#23 C:\xampp\htdocs\SPC\vendor\cakephp\cakephp\src\Http\Middleware\BodyParserMiddleware.php(162): Cake\Http\Runner->handle(Object(Cake\Http\ServerRequest))
#24 C:\xampp\htdocs\SPC\vendor\cakephp\cakephp\src\Http\Runner.php(82): Cake\Http\Middleware\BodyParserMiddleware->process(Object(Cake\Http\ServerRequest), Object(Cake\Http\Runner))
#25 C:\xampp\htdocs\SPC\vendor\cakephp\cakephp\src\Routing\Middleware\RoutingMiddleware.php(118): Cake\Http\Runner->handle(Object(Cake\Http\ServerRequest))
#26 C:\xampp\htdocs\SPC\vendor\cakephp\cakephp\src\Http\Runner.php(82): Cake\Routing\Middleware\RoutingMiddleware->process(Object(Cake\Http\ServerRequest), Object(Cake\Http\Runner))
#27 C:\xampp\htdocs\SPC\vendor\cakephp\cakephp\src\Routing\Middleware\AssetMiddleware.php(71): Cake\Http\Runner->handle(Object(Cake\Http\ServerRequest))
#28 C:\xampp\htdocs\SPC\vendor\cakephp\cakephp\src\Http\Runner.php(82): Cake\Routing\Middleware\AssetMiddleware->process(Object(Cake\Http\ServerRequest), Object(Cake\Http\Runner))
#29 C:\xampp\htdocs\SPC\vendor\cakephp\cakephp\src\Error\Middleware\ErrorHandlerMiddleware.php(115): Cake\Http\Runner->handle(Object(Cake\Http\ServerRequest))
#30 C:\xampp\htdocs\SPC\vendor\cakephp\cakephp\src\Http\Runner.php(82): Cake\Error\Middleware\ErrorHandlerMiddleware->process(Object(Cake\Http\ServerRequest), Object(Cake\Http\Runner))
#31 C:\xampp\htdocs\SPC\vendor\cakephp\debug_kit\src\Middleware\DebugKitMiddleware.php(60): Cake\Http\Runner->handle(Object(Cake\Http\ServerRequest))
#32 C:\xampp\htdocs\SPC\vendor\cakephp\cakephp\src\Http\Runner.php(82): DebugKit\Middleware\DebugKitMiddleware->process(Object(Cake\Http\ServerRequest), Object(Cake\Http\Runner))
#33 C:\xampp\htdocs\SPC\vendor\cakephp\cakephp\src\Http\Runner.php(60): Cake\Http\Runner->handle(Object(Cake\Http\ServerRequest))
#34 C:\xampp\htdocs\SPC\vendor\cakephp\cakephp\src\Http\Server.php(98): Cake\Http\Runner->run(Object(Cake\Http\MiddlewareQueue), Object(Cake\Http\ServerRequest), Object(SPC\Application))
#35 C:\xampp\htdocs\SPC\webroot\index.php(38): Cake\Http\Server->run()
#36 {main}
[24-Apr-2026 10:24:08 America/Hermosillo] PHP Fatal error:  Maximum execution time of 30 seconds exceeded in C:\xampp\htdocs\SPC\vendor\cakephp\cakephp\src\Database\Driver.php on line 192
Stack trace:
#0 C:\xampp\htdocs\SPC\vendor\cakephp\cakephp\src\Database\Driver.php(192): PDO->__construct('...', '...', Object(SensitiveParameterValue), Array)
#1 C:\xampp\htdocs\SPC\vendor\cakephp\cakephp\src\Core\Retry\CommandRetry.php(71): Cake\Database\Driver->{closure:Cake\Database\Driver::createPdo():192}()
#2 C:\xampp\htdocs\SPC\vendor\cakephp\cakephp\src\Database\Driver.php(201): Cake\Core\Retry\CommandRetry->run(Object(Closure))
#3 C:\xampp\htdocs\SPC\vendor\cakephp\cakephp\src\Database\Driver\Mysql.php(161): Cake\Database\Driver->createPdo('...', Array)
#4 C:\xampp\htdocs\SPC\vendor\cakephp\cakephp\src\Database\Schema\SchemaDialect.php(60): Cake\Database\Driver\Mysql->connect()
#5 C:\xampp\htdocs\SPC\vendor\cakephp\cakephp\src\Database\Driver\Mysql.php(207): Cake\Database\Schema\SchemaDialect->__construct(Object(Cake\Database\Driver\Mysql))
#6 C:\xampp\htdocs\SPC\vendor\cakephp\cakephp\src\Database\Schema\Collection.php(97): Cake\Database\Driver\Mysql->schemaDialect()
#7 C:\xampp\htdocs\SPC\vendor\cakephp\cakephp\src\Database\Schema\Collection.php(87): Cake\Database\Schema\Collection->getDialect()
#8 C:\xampp\htdocs\SPC\vendor\cakephp\cakephp\src\Database\Schema\CachedCollection.php(107): Cake\Database\Schema\Collection->describe('...', Array)
#9 C:\xampp\htdocs\SPC\vendor\cakephp\cakephp\src\ORM\Table.php(525): Cake\Database\Schema\CachedCollection->describe('...')
#10 C:\xampp\htdocs\SPC\vendor\cakephp\cakephp\src\ORM\Query\CommonQueryTrait.php(50): Cake\ORM\Table->getSchema()
#11 C:\xampp\htdocs\SPC\vendor\cakephp\cakephp\src\ORM\Query\SelectQuery.php(209): Cake\ORM\Query\SelectQuery->addDefaultTypes(Object(SPC\Model\Table\UsuariosTable))
#12 C:\xampp\htdocs\SPC\vendor\cakephp\cakephp\src\ORM\Query\QueryFactory.php(34): Cake\ORM\Query\SelectQuery->__construct(Object(SPC\Model\Table\UsuariosTable))
#13 C:\xampp\htdocs\SPC\vendor\cakephp\cakephp\src\ORM\Table.php(1755): Cake\ORM\Query\QueryFactory->select(Object(SPC\Model\Table\UsuariosTable))
#14 C:\xampp\htdocs\SPC\vendor\cakephp\authentication\src\Identifier\Resolver\OrmResolver.php(60): Cake\ORM\Table->selectQuery()
#15 C:\xampp\htdocs\SPC\vendor\cakephp\authentication\src\Identifier\PasswordIdentifier.php(162): Authentication\Identifier\Resolver\OrmResolver->find(Array, '...')
#16 C:\xampp\htdocs\SPC\vendor\cakephp\authentication\src\Identifier\PasswordIdentifier.php(104): Authentication\Identifier\PasswordIdentifier->_findIdentity('...')
#17 C:\xampp\htdocs\SPC\vendor\cakephp\authentication\src\Authenticator\FormAuthenticator.php(161): Authentication\Identifier\PasswordIdentifier->identify(Array)
#18 C:\xampp\htdocs\SPC\vendor\cakephp\authentication\src\AuthenticationService.php(159): Authentication\Authenticator\FormAuthenticator->authenticate(Object(Cake\Http\ServerRequest))
#19 C:\xampp\htdocs\SPC\vendor\cakephp\authentication\src\Middleware\AuthenticationMiddleware.php(84): Authentication\AuthenticationService->authenticate(Object(Cake\Http\ServerRequest))
#20 C:\xampp\htdocs\SPC\vendor\cakephp\cakephp\src\Http\Runner.php(82): Authentication\Middleware\AuthenticationMiddleware->process(Object(Cake\Http\ServerRequest), Object(Cake\Http\Runner))
#21 C:\xampp\htdocs\SPC\vendor\cakephp\cakephp\src\Http\Middleware\CsrfProtectionMiddleware.php(169): Cake\Http\Runner->handle(Object(Cake\Http\ServerRequest))
#22 C:\xampp\htdocs\SPC\vendor\cakephp\cakephp\src\Http\Runner.php(82): Cake\Http\Middleware\CsrfProtectionMiddleware->process(Object(Cake\Http\ServerRequest), Object(Cake\Http\Runner))
#23 C:\xampp\htdocs\SPC\vendor\cakephp\cakephp\src\Http\Middleware\BodyParserMiddleware.php(162): Cake\Http\Runner->handle(Object(Cake\Http\ServerRequest))
#24 C:\xampp\htdocs\SPC\vendor\cakephp\cakephp\src\Http\Runner.php(82): Cake\Http\Middleware\BodyParserMiddleware->process(Object(Cake\Http\ServerRequest), Object(Cake\Http\Runner))
#25 C:\xampp\htdocs\SPC\vendor\cakephp\cakephp\src\Routing\Middleware\RoutingMiddleware.php(118): Cake\Http\Runner->handle(Object(Cake\Http\ServerRequest))
#26 C:\xampp\htdocs\SPC\vendor\cakephp\cakephp\src\Http\Runner.php(82): Cake\Routing\Middleware\RoutingMiddleware->process(Object(Cake\Http\ServerRequest), Object(Cake\Http\Runner))
#27 C:\xampp\htdocs\SPC\vendor\cakephp\cakephp\src\Routing\Middleware\AssetMiddleware.php(71): Cake\Http\Runner->handle(Object(Cake\Http\ServerRequest))
#28 C:\xampp\htdocs\SPC\vendor\cakephp\cakephp\src\Http\Runner.php(82): Cake\Routing\Middleware\AssetMiddleware->process(Object(Cake\Http\ServerRequest), Object(Cake\Http\Runner))
#29 C:\xampp\htdocs\SPC\vendor\cakephp\cakephp\src\Error\Middleware\ErrorHandlerMiddleware.php(115): Cake\Http\Runner->handle(Object(Cake\Http\ServerRequest))
#30 C:\xampp\htdocs\SPC\vendor\cakephp\cakephp\src\Http\Runner.php(82): Cake\Error\Middleware\ErrorHandlerMiddleware->process(Object(Cake\Http\ServerRequest), Object(Cake\Http\Runner))
#31 C:\xampp\htdocs\SPC\vendor\cakephp\debug_kit\src\Middleware\DebugKitMiddleware.php(60): Cake\Http\Runner->handle(Object(Cake\Http\ServerRequest))
#32 C:\xampp\htdocs\SPC\vendor\cakephp\cakephp\src\Http\Runner.php(82): DebugKit\Middleware\DebugKitMiddleware->process(Object(Cake\Http\ServerRequest), Object(Cake\Http\Runner))
#33 C:\xampp\htdocs\SPC\vendor\cakephp\cakephp\src\Http\Runner.php(60): Cake\Http\Runner->handle(Object(Cake\Http\ServerRequest))
#34 C:\xampp\htdocs\SPC\vendor\cakephp\cakephp\src\Http\Server.php(98): Cake\Http\Runner->run(Object(Cake\Http\MiddlewareQueue), Object(Cake\Http\ServerRequest), Object(SPC\Application))
#35 C:\xampp\htdocs\SPC\webroot\index.php(38): Cake\Http\Server->run()
#36 {main}
[24-Apr-2026 10:24:08 America/Hermosillo] PHP Fatal error:  Maximum execution time of 30 seconds exceeded in C:\xampp\htdocs\SPC\vendor\cakephp\cakephp\src\Database\Driver.php on line 192
Stack trace:
#0 C:\xampp\htdocs\SPC\vendor\cakephp\cakephp\src\Database\Driver.php(192): PDO->__construct('...', '...', Object(SensitiveParameterValue), Array)
#1 C:\xampp\htdocs\SPC\vendor\cakephp\cakephp\src\Core\Retry\CommandRetry.php(71): Cake\Database\Driver->{closure:Cake\Database\Driver::createPdo():192}()
#2 C:\xampp\htdocs\SPC\vendor\cakephp\cakephp\src\Database\Driver.php(201): Cake\Core\Retry\CommandRetry->run(Object(Closure))
#3 C:\xampp\htdocs\SPC\vendor\cakephp\cakephp\src\Database\Driver\Mysql.php(161): Cake\Database\Driver->createPdo('...', Array)
#4 C:\xampp\htdocs\SPC\vendor\cakephp\cakephp\src\Database\Schema\SchemaDialect.php(60): Cake\Database\Driver\Mysql->connect()
#5 C:\xampp\htdocs\SPC\vendor\cakephp\cakephp\src\Database\Driver\Mysql.php(207): Cake\Database\Schema\SchemaDialect->__construct(Object(Cake\Database\Driver\Mysql))
#6 C:\xampp\htdocs\SPC\vendor\cakephp\cakephp\src\Database\Schema\Collection.php(97): Cake\Database\Driver\Mysql->schemaDialect()
#7 C:\xampp\htdocs\SPC\vendor\cakephp\cakephp\src\Database\Schema\Collection.php(87): Cake\Database\Schema\Collection->getDialect()
#8 C:\xampp\htdocs\SPC\vendor\cakephp\cakephp\src\Database\Schema\CachedCollection.php(107): Cake\Database\Schema\Collection->describe('...', Array)
#9 C:\xampp\htdocs\SPC\vendor\cakephp\cakephp\src\ORM\Table.php(525): Cake\Database\Schema\CachedCollection->describe('...')
#10 C:\xampp\htdocs\SPC\vendor\cakephp\cakephp\src\ORM\Query\CommonQueryTrait.php(50): Cake\ORM\Table->getSchema()
#11 C:\xampp\htdocs\SPC\vendor\cakephp\cakephp\src\ORM\Query\SelectQuery.php(209): Cake\ORM\Query\SelectQuery->addDefaultTypes(Object(SPC\Model\Table\UsuariosTable))
#12 C:\xampp\htdocs\SPC\vendor\cakephp\cakephp\src\ORM\Query\QueryFactory.php(34): Cake\ORM\Query\SelectQuery->__construct(Object(SPC\Model\Table\UsuariosTable))
#13 C:\xampp\htdocs\SPC\vendor\cakephp\cakephp\src\ORM\Table.php(1755): Cake\ORM\Query\QueryFactory->select(Object(SPC\Model\Table\UsuariosTable))
#14 C:\xampp\htdocs\SPC\vendor\cakephp\authentication\src\Identifier\Resolver\OrmResolver.php(60): Cake\ORM\Table->selectQuery()
#15 C:\xampp\htdocs\SPC\vendor\cakephp\authentication\src\Identifier\PasswordIdentifier.php(162): Authentication\Identifier\Resolver\OrmResolver->find(Array, '...')
#16 C:\xampp\htdocs\SPC\vendor\cakephp\authentication\src\Identifier\PasswordIdentifier.php(104): Authentication\Identifier\PasswordIdentifier->_findIdentity('...')
#17 C:\xampp\htdocs\SPC\vendor\cakephp\authentication\src\Authenticator\FormAuthenticator.php(161): Authentication\Identifier\PasswordIdentifier->identify(Array)
#18 C:\xampp\htdocs\SPC\vendor\cakephp\authentication\src\AuthenticationService.php(159): Authentication\Authenticator\FormAuthenticator->authenticate(Object(Cake\Http\ServerRequest))
#19 C:\xampp\htdocs\SPC\vendor\cakephp\authentication\src\Middleware\AuthenticationMiddleware.php(84): Authentication\AuthenticationService->authenticate(Object(Cake\Http\ServerRequest))
#20 C:\xampp\htdocs\SPC\vendor\cakephp\cakephp\src\Http\Runner.php(82): Authentication\Middleware\AuthenticationMiddleware->process(Object(Cake\Http\ServerRequest), Object(Cake\Http\Runner))
#21 C:\xampp\htdocs\SPC\vendor\cakephp\cakephp\src\Http\Middleware\CsrfProtectionMiddleware.php(169): Cake\Http\Runner->handle(Object(Cake\Http\ServerRequest))
#22 C:\xampp\htdocs\SPC\vendor\cakephp\cakephp\src\Http\Runner.php(82): Cake\Http\Middleware\CsrfProtectionMiddleware->process(Object(Cake\Http\ServerRequest), Object(Cake\Http\Runner))
#23 C:\xampp\htdocs\SPC\vendor\cakephp\cakephp\src\Http\Middleware\BodyParserMiddleware.php(162): Cake\Http\Runner->handle(Object(Cake\Http\ServerRequest))
#24 C:\xampp\htdocs\SPC\vendor\cakephp\cakephp\src\Http\Runner.php(82): Cake\Http\Middleware\BodyParserMiddleware->process(Object(Cake\Http\ServerRequest), Object(Cake\Http\Runner))
#25 C:\xampp\htdocs\SPC\vendor\cakephp\cakephp\src\Routing\Middleware\RoutingMiddleware.php(118): Cake\Http\Runner->handle(Object(Cake\Http\ServerRequest))
#26 C:\xampp\htdocs\SPC\vendor\cakephp\cakephp\src\Http\Runner.php(82): Cake\Routing\Middleware\RoutingMiddleware->process(Object(Cake\Http\ServerRequest), Object(Cake\Http\Runner))
#27 C:\xampp\htdocs\SPC\vendor\cakephp\cakephp\src\Routing\Middleware\AssetMiddleware.php(71): Cake\Http\Runner->handle(Object(Cake\Http\ServerRequest))
#28 C:\xampp\htdocs\SPC\vendor\cakephp\cakephp\src\Http\Runner.php(82): Cake\Routing\Middleware\AssetMiddleware->process(Object(Cake\Http\ServerRequest), Object(Cake\Http\Runner))
#29 C:\xampp\htdocs\SPC\vendor\cakephp\cakephp\src\Error\Middleware\ErrorHandlerMiddleware.php(115): Cake\Http\Runner->handle(Object(Cake\Http\ServerRequest))
#30 C:\xampp\htdocs\SPC\vendor\cakephp\cakephp\src\Http\Runner.php(82): Cake\Error\Middleware\ErrorHandlerMiddleware->process(Object(Cake\Http\ServerRequest), Object(Cake\Http\Runner))
#31 C:\xampp\htdocs\SPC\vendor\cakephp\debug_kit\src\Middleware\DebugKitMiddleware.php(60): Cake\Http\Runner->handle(Object(Cake\Http\ServerRequest))
#32 C:\xampp\htdocs\SPC\vendor\cakephp\cakephp\src\Http\Runner.php(82): DebugKit\Middleware\DebugKitMiddleware->process(Object(Cake\Http\ServerRequest), Object(Cake\Http\Runner))
#33 C:\xampp\htdocs\SPC\vendor\cakephp\cakephp\src\Http\Runner.php(60): Cake\Http\Runner->handle(Object(Cake\Http\ServerRequest))
#34 C:\xampp\htdocs\SPC\vendor\cakephp\cakephp\src\Http\Server.php(98): Cake\Http\Runner->run(Object(Cake\Http\MiddlewareQueue), Object(Cake\Http\ServerRequest), Object(SPC\Application))
#35 C:\xampp\htdocs\SPC\webroot\index.php(38): Cake\Http\Server->run()
#36 {main}
[24-Apr-2026 10:24:08 America/Hermosillo] PHP Fatal error:  Maximum execution time of 30 seconds exceeded in C:\xampp\htdocs\SPC\vendor\cakephp\cakephp\src\Database\Driver.php on line 192
Stack trace:
#0 C:\xampp\htdocs\SPC\vendor\cakephp\cakephp\src\Database\Driver.php(192): PDO->__construct('...', '...', Object(SensitiveParameterValue), Array)
#1 C:\xampp\htdocs\SPC\vendor\cakephp\cakephp\src\Core\Retry\CommandRetry.php(71): Cake\Database\Driver->{closure:Cake\Database\Driver::createPdo():192}()
#2 C:\xampp\htdocs\SPC\vendor\cakephp\cakephp\src\Database\Driver.php(201): Cake\Core\Retry\CommandRetry->run(Object(Closure))
#3 C:\xampp\htdocs\SPC\vendor\cakephp\cakephp\src\Database\Driver\Mysql.php(161): Cake\Database\Driver->createPdo('...', Array)
#4 C:\xampp\htdocs\SPC\vendor\cakephp\cakephp\src\Database\Schema\SchemaDialect.php(60): Cake\Database\Driver\Mysql->connect()
#5 C:\xampp\htdocs\SPC\vendor\cakephp\cakephp\src\Database\Driver\Mysql.php(207): Cake\Database\Schema\SchemaDialect->__construct(Object(Cake\Database\Driver\Mysql))
#6 C:\xampp\htdocs\SPC\vendor\cakephp\cakephp\src\Database\Schema\Collection.php(97): Cake\Database\Driver\Mysql->schemaDialect()
#7 C:\xampp\htdocs\SPC\vendor\cakephp\cakephp\src\Database\Schema\Collection.php(87): Cake\Database\Schema\Collection->getDialect()
#8 C:\xampp\htdocs\SPC\vendor\cakephp\cakephp\src\Database\Schema\CachedCollection.php(107): Cake\Database\Schema\Collection->describe('...', Array)
#9 C:\xampp\htdocs\SPC\vendor\cakephp\cakephp\src\ORM\Table.php(525): Cake\Database\Schema\CachedCollection->describe('...')
#10 C:\xampp\htdocs\SPC\vendor\cakephp\cakephp\src\ORM\Query\CommonQueryTrait.php(50): Cake\ORM\Table->getSchema()
#11 C:\xampp\htdocs\SPC\vendor\cakephp\cakephp\src\ORM\Query\SelectQuery.php(209): Cake\ORM\Query\SelectQuery->addDefaultTypes(Object(SPC\Model\Table\UsuariosTable))
#12 C:\xampp\htdocs\SPC\vendor\cakephp\cakephp\src\ORM\Query\QueryFactory.php(34): Cake\ORM\Query\SelectQuery->__construct(Object(SPC\Model\Table\UsuariosTable))
#13 C:\xampp\htdocs\SPC\vendor\cakephp\cakephp\src\ORM\Table.php(1755): Cake\ORM\Query\QueryFactory->select(Object(SPC\Model\Table\UsuariosTable))
#14 C:\xampp\htdocs\SPC\vendor\cakephp\authentication\src\Identifier\Resolver\OrmResolver.php(60): Cake\ORM\Table->selectQuery()
#15 C:\xampp\htdocs\SPC\vendor\cakephp\authentication\src\Identifier\PasswordIdentifier.php(162): Authentication\Identifier\Resolver\OrmResolver->find(Array, '...')
#16 C:\xampp\htdocs\SPC\vendor\cakephp\authentication\src\Identifier\PasswordIdentifier.php(104): Authentication\Identifier\PasswordIdentifier->_findIdentity('...')
#17 C:\xampp\htdocs\SPC\vendor\cakephp\authentication\src\Authenticator\FormAuthenticator.php(161): Authentication\Identifier\PasswordIdentifier->identify(Array)
#18 C:\xampp\htdocs\SPC\vendor\cakephp\authentication\src\AuthenticationService.php(159): Authentication\Authenticator\FormAuthenticator->authenticate(Object(Cake\Http\ServerRequest))
#19 C:\xampp\htdocs\SPC\vendor\cakephp\authentication\src\Middleware\AuthenticationMiddleware.php(84): Authentication\AuthenticationService->authenticate(Object(Cake\Http\ServerRequest))
#20 C:\xampp\htdocs\SPC\vendor\cakephp\cakephp\src\Http\Runner.php(82): Authentication\Middleware\AuthenticationMiddleware->process(Object(Cake\Http\ServerRequest), Object(Cake\Http\Runner))
#21 C:\xampp\htdocs\SPC\vendor\cakephp\cakephp\src\Http\Middleware\CsrfProtectionMiddleware.php(169): Cake\Http\Runner->handle(Object(Cake\Http\ServerRequest))
#22 C:\xampp\htdocs\SPC\vendor\cakephp\cakephp\src\Http\Runner.php(82): Cake\Http\Middleware\CsrfProtectionMiddleware->process(Object(Cake\Http\ServerRequest), Object(Cake\Http\Runner))
#23 C:\xampp\htdocs\SPC\vendor\cakephp\cakephp\src\Http\Middleware\BodyParserMiddleware.php(162): Cake\Http\Runner->handle(Object(Cake\Http\ServerRequest))
#24 C:\xampp\htdocs\SPC\vendor\cakephp\cakephp\src\Http\Runner.php(82): Cake\Http\Middleware\BodyParserMiddleware->process(Object(Cake\Http\ServerRequest), Object(Cake\Http\Runner))
#25 C:\xampp\htdocs\SPC\vendor\cakephp\cakephp\src\Routing\Middleware\RoutingMiddleware.php(118): Cake\Http\Runner->handle(Object(Cake\Http\ServerRequest))
#26 C:\xampp\htdocs\SPC\vendor\cakephp\cakephp\src\Http\Runner.php(82): Cake\Routing\Middleware\RoutingMiddleware->process(Object(Cake\Http\ServerRequest), Object(Cake\Http\Runner))
#27 C:\xampp\htdocs\SPC\vendor\cakephp\cakephp\src\Routing\Middleware\AssetMiddleware.php(71): Cake\Http\Runner->handle(Object(Cake\Http\ServerRequest))
#28 C:\xampp\htdocs\SPC\vendor\cakephp\cakephp\src\Http\Runner.php(82): Cake\Routing\Middleware\AssetMiddleware->process(Object(Cake\Http\ServerRequest), Object(Cake\Http\Runner))
#29 C:\xampp\htdocs\SPC\vendor\cakephp\cakephp\src\Error\Middleware\ErrorHandlerMiddleware.php(115): Cake\Http\Runner->handle(Object(Cake\Http\ServerRequest))
#30 C:\xampp\htdocs\SPC\vendor\cakephp\cakephp\src\Http\Runner.php(82): Cake\Error\Middleware\ErrorHandlerMiddleware->process(Object(Cake\Http\ServerRequest), Object(Cake\Http\Runner))
#31 C:\xampp\htdocs\SPC\vendor\cakephp\debug_kit\src\Middleware\DebugKitMiddleware.php(60): Cake\Http\Runner->handle(Object(Cake\Http\ServerRequest))
#32 C:\xampp\htdocs\SPC\vendor\cakephp\cakephp\src\Http\Runner.php(82): DebugKit\Middleware\DebugKitMiddleware->process(Object(Cake\Http\ServerRequest), Object(Cake\Http\Runner))
#33 C:\xampp\htdocs\SPC\vendor\cakephp\cakephp\src\Http\Runner.php(60): Cake\Http\Runner->handle(Object(Cake\Http\ServerRequest))
#34 C:\xampp\htdocs\SPC\vendor\cakephp\cakephp\src\Http\Server.php(98): Cake\Http\Runner->run(Object(Cake\Http\MiddlewareQueue), Object(Cake\Http\ServerRequest), Object(SPC\Application))
#35 C:\xampp\htdocs\SPC\webroot\index.php(38): Cake\Http\Server->run()
#36 {main}
[24-Apr-2026 10:24:08 America/Hermosillo] PHP Fatal error:  Maximum execution time of 30 seconds exceeded in C:\xampp\htdocs\SPC\vendor\cakephp\cakephp\src\Database\Driver.php on line 192
Stack trace:
#0 C:\xampp\htdocs\SPC\vendor\cakephp\cakephp\src\Database\Driver.php(192): PDO->__construct('...', '...', Object(SensitiveParameterValue), Array)
#1 C:\xampp\htdocs\SPC\vendor\cakephp\cakephp\src\Core\Retry\CommandRetry.php(71): Cake\Database\Driver->{closure:Cake\Database\Driver::createPdo():192}()
#2 C:\xampp\htdocs\SPC\vendor\cakephp\cakephp\src\Database\Driver.php(201): Cake\Core\Retry\CommandRetry->run(Object(Closure))
#3 C:\xampp\htdocs\SPC\vendor\cakephp\cakephp\src\Database\Driver\Mysql.php(161): Cake\Database\Driver->createPdo('...', Array)
#4 C:\xampp\htdocs\SPC\vendor\cakephp\cakephp\src\Database\Schema\SchemaDialect.php(60): Cake\Database\Driver\Mysql->connect()
#5 C:\xampp\htdocs\SPC\vendor\cakephp\cakephp\src\Database\Driver\Mysql.php(207): Cake\Database\Schema\SchemaDialect->__construct(Object(Cake\Database\Driver\Mysql))
#6 C:\xampp\htdocs\SPC\vendor\cakephp\cakephp\src\Database\Schema\Collection.php(97): Cake\Database\Driver\Mysql->schemaDialect()
#7 C:\xampp\htdocs\SPC\vendor\cakephp\cakephp\src\Database\Schema\Collection.php(87): Cake\Database\Schema\Collection->getDialect()
#8 C:\xampp\htdocs\SPC\vendor\cakephp\cakephp\src\Database\Schema\CachedCollection.php(107): Cake\Database\Schema\Collection->describe('...', Array)
#9 C:\xampp\htdocs\SPC\vendor\cakephp\cakephp\src\ORM\Table.php(525): Cake\Database\Schema\CachedCollection->describe('...')
#10 C:\xampp\htdocs\SPC\vendor\cakephp\cakephp\src\ORM\Query\CommonQueryTrait.php(50): Cake\ORM\Table->getSchema()
#11 C:\xampp\htdocs\SPC\vendor\cakephp\cakephp\src\ORM\Query\SelectQuery.php(209): Cake\ORM\Query\SelectQuery->addDefaultTypes(Object(SPC\Model\Table\UsuariosTable))
#12 C:\xampp\htdocs\SPC\vendor\cakephp\cakephp\src\ORM\Query\QueryFactory.php(34): Cake\ORM\Query\SelectQuery->__construct(Object(SPC\Model\Table\UsuariosTable))
#13 C:\xampp\htdocs\SPC\vendor\cakephp\cakephp\src\ORM\Table.php(1755): Cake\ORM\Query\QueryFactory->select(Object(SPC\Model\Table\UsuariosTable))
#14 C:\xampp\htdocs\SPC\vendor\cakephp\authentication\src\Identifier\Resolver\OrmResolver.php(60): Cake\ORM\Table->selectQuery()
#15 C:\xampp\htdocs\SPC\vendor\cakephp\authentication\src\Identifier\PasswordIdentifier.php(162): Authentication\Identifier\Resolver\OrmResolver->find(Array, '...')
#16 C:\xampp\htdocs\SPC\vendor\cakephp\authentication\src\Identifier\PasswordIdentifier.php(104): Authentication\Identifier\PasswordIdentifier->_findIdentity('...')
#17 C:\xampp\htdocs\SPC\vendor\cakephp\authentication\src\Authenticator\FormAuthenticator.php(161): Authentication\Identifier\PasswordIdentifier->identify(Array)
#18 C:\xampp\htdocs\SPC\vendor\cakephp\authentication\src\AuthenticationService.php(159): Authentication\Authenticator\FormAuthenticator->authenticate(Object(Cake\Http\ServerRequest))
#19 C:\xampp\htdocs\SPC\vendor\cakephp\authentication\src\Middleware\AuthenticationMiddleware.php(84): Authentication\AuthenticationService->authenticate(Object(Cake\Http\ServerRequest))
#20 C:\xampp\htdocs\SPC\vendor\cakephp\cakephp\src\Http\Runner.php(82): Authentication\Middleware\AuthenticationMiddleware->process(Object(Cake\Http\ServerRequest), Object(Cake\Http\Runner))
#21 C:\xampp\htdocs\SPC\vendor\cakephp\cakephp\src\Http\Middleware\CsrfProtectionMiddleware.php(169): Cake\Http\Runner->handle(Object(Cake\Http\ServerRequest))
#22 C:\xampp\htdocs\SPC\vendor\cakephp\cakephp\src\Http\Runner.php(82): Cake\Http\Middleware\CsrfProtectionMiddleware->process(Object(Cake\Http\ServerRequest), Object(Cake\Http\Runner))
#23 C:\xampp\htdocs\SPC\vendor\cakephp\cakephp\src\Http\Middleware\BodyParserMiddleware.php(162): Cake\Http\Runner->handle(Object(Cake\Http\ServerRequest))
#24 C:\xampp\htdocs\SPC\vendor\cakephp\cakephp\src\Http\Runner.php(82): Cake\Http\Middleware\BodyParserMiddleware->process(Object(Cake\Http\ServerRequest), Object(Cake\Http\Runner))
#25 C:\xampp\htdocs\SPC\vendor\cakephp\cakephp\src\Routing\Middleware\RoutingMiddleware.php(118): Cake\Http\Runner->handle(Object(Cake\Http\ServerRequest))
#26 C:\xampp\htdocs\SPC\vendor\cakephp\cakephp\src\Http\Runner.php(82): Cake\Routing\Middleware\RoutingMiddleware->process(Object(Cake\Http\ServerRequest), Object(Cake\Http\Runner))
#27 C:\xampp\htdocs\SPC\vendor\cakephp\cakephp\src\Routing\Middleware\AssetMiddleware.php(71): Cake\Http\Runner->handle(Object(Cake\Http\ServerRequest))
#28 C:\xampp\htdocs\SPC\vendor\cakephp\cakephp\src\Http\Runner.php(82): Cake\Routing\Middleware\AssetMiddleware->process(Object(Cake\Http\ServerRequest), Object(Cake\Http\Runner))
#29 C:\xampp\htdocs\SPC\vendor\cakephp\cakephp\src\Error\Middleware\ErrorHandlerMiddleware.php(115): Cake\Http\Runner->handle(Object(Cake\Http\ServerRequest))
#30 C:\xampp\htdocs\SPC\vendor\cakephp\cakephp\src\Http\Runner.php(82): Cake\Error\Middleware\ErrorHandlerMiddleware->process(Object(Cake\Http\ServerRequest), Object(Cake\Http\Runner))
#31 C:\xampp\htdocs\SPC\vendor\cakephp\debug_kit\src\Middleware\DebugKitMiddleware.php(60): Cake\Http\Runner->handle(Object(Cake\Http\ServerRequest))
#32 C:\xampp\htdocs\SPC\vendor\cakephp\cakephp\src\Http\Runner.php(82): DebugKit\Middleware\DebugKitMiddleware->process(Object(Cake\Http\ServerRequest), Object(Cake\Http\Runner))
#33 C:\xampp\htdocs\SPC\vendor\cakephp\cakephp\src\Http\Runner.php(60): Cake\Http\Runner->handle(Object(Cake\Http\ServerRequest))
#34 C:\xampp\htdocs\SPC\vendor\cakephp\cakephp\src\Http\Server.php(98): Cake\Http\Runner->run(Object(Cake\Http\MiddlewareQueue), Object(Cake\Http\ServerRequest), Object(SPC\Application))
#35 C:\xampp\htdocs\SPC\webroot\index.php(38): Cake\Http\Server->run()
#36 {main}
[24-Apr-2026 10:24:08 America/Hermosillo] PHP Fatal error:  Maximum execution time of 30 seconds exceeded in C:\xampp\htdocs\SPC\vendor\cakephp\cakephp\src\Database\Driver.php on line 192
Stack trace:
#0 C:\xampp\htdocs\SPC\vendor\cakephp\cakephp\src\Database\Driver.php(192): PDO->__construct('...', '...', Object(SensitiveParameterValue), Array)
#1 C:\xampp\htdocs\SPC\vendor\cakephp\cakephp\src\Core\Retry\CommandRetry.php(71): Cake\Database\Driver->{closure:Cake\Database\Driver::createPdo():192}()
#2 C:\xampp\htdocs\SPC\vendor\cakephp\cakephp\src\Database\Driver.php(201): Cake\Core\Retry\CommandRetry->run(Object(Closure))
#3 C:\xampp\htdocs\SPC\vendor\cakephp\cakephp\src\Database\Driver\Mysql.php(161): Cake\Database\Driver->createPdo('...', Array)
#4 C:\xampp\htdocs\SPC\vendor\cakephp\cakephp\src\Database\Schema\SchemaDialect.php(60): Cake\Database\Driver\Mysql->connect()
#5 C:\xampp\htdocs\SPC\vendor\cakephp\cakephp\src\Database\Driver\Mysql.php(207): Cake\Database\Schema\SchemaDialect->__construct(Object(Cake\Database\Driver\Mysql))
#6 C:\xampp\htdocs\SPC\vendor\cakephp\cakephp\src\Database\Schema\Collection.php(97): Cake\Database\Driver\Mysql->schemaDialect()
#7 C:\xampp\htdocs\SPC\vendor\cakephp\cakephp\src\Database\Schema\Collection.php(87): Cake\Database\Schema\Collection->getDialect()
#8 C:\xampp\htdocs\SPC\vendor\cakephp\cakephp\src\Database\Schema\CachedCollection.php(107): Cake\Database\Schema\Collection->describe('...', Array)
#9 C:\xampp\htdocs\SPC\vendor\cakephp\cakephp\src\ORM\Table.php(525): Cake\Database\Schema\CachedCollection->describe('...')
#10 C:\xampp\htdocs\SPC\vendor\cakephp\cakephp\src\ORM\Query\CommonQueryTrait.php(50): Cake\ORM\Table->getSchema()
#11 C:\xampp\htdocs\SPC\vendor\cakephp\cakephp\src\ORM\Query\SelectQuery.php(209): Cake\ORM\Query\SelectQuery->addDefaultTypes(Object(SPC\Model\Table\UsuariosTable))
#12 C:\xampp\htdocs\SPC\vendor\cakephp\cakephp\src\ORM\Query\QueryFactory.php(34): Cake\ORM\Query\SelectQuery->__construct(Object(SPC\Model\Table\UsuariosTable))
#13 C:\xampp\htdocs\SPC\vendor\cakephp\cakephp\src\ORM\Table.php(1755): Cake\ORM\Query\QueryFactory->select(Object(SPC\Model\Table\UsuariosTable))
#14 C:\xampp\htdocs\SPC\vendor\cakephp\authentication\src\Identifier\Resolver\OrmResolver.php(60): Cake\ORM\Table->selectQuery()
#15 C:\xampp\htdocs\SPC\vendor\cakephp\authentication\src\Identifier\PasswordIdentifier.php(162): Authentication\Identifier\Resolver\OrmResolver->find(Array, '...')
#16 C:\xampp\htdocs\SPC\vendor\cakephp\authentication\src\Identifier\PasswordIdentifier.php(104): Authentication\Identifier\PasswordIdentifier->_findIdentity('...')
#17 C:\xampp\htdocs\SPC\vendor\cakephp\authentication\src\Authenticator\FormAuthenticator.php(161): Authentication\Identifier\PasswordIdentifier->identify(Array)
#18 C:\xampp\htdocs\SPC\vendor\cakephp\authentication\src\AuthenticationService.php(159): Authentication\Authenticator\FormAuthenticator->authenticate(Object(Cake\Http\ServerRequest))
#19 C:\xampp\htdocs\SPC\vendor\cakephp\authentication\src\Middleware\AuthenticationMiddleware.php(84): Authentication\AuthenticationService->authenticate(Object(Cake\Http\ServerRequest))
#20 C:\xampp\htdocs\SPC\vendor\cakephp\cakephp\src\Http\Runner.php(82): Authentication\Middleware\AuthenticationMiddleware->process(Object(Cake\Http\ServerRequest), Object(Cake\Http\Runner))
#21 C:\xampp\htdocs\SPC\vendor\cakephp\cakephp\src\Http\Middleware\CsrfProtectionMiddleware.php(169): Cake\Http\Runner->handle(Object(Cake\Http\ServerRequest))
#22 C:\xampp\htdocs\SPC\vendor\cakephp\cakephp\src\Http\Runner.php(82): Cake\Http\Middleware\CsrfProtectionMiddleware->process(Object(Cake\Http\ServerRequest), Object(Cake\Http\Runner))
#23 C:\xampp\htdocs\SPC\vendor\cakephp\cakephp\src\Http\Middleware\BodyParserMiddleware.php(162): Cake\Http\Runner->handle(Object(Cake\Http\ServerRequest))
#24 C:\xampp\htdocs\SPC\vendor\cakephp\cakephp\src\Http\Runner.php(82): Cake\Http\Middleware\BodyParserMiddleware->process(Object(Cake\Http\ServerRequest), Object(Cake\Http\Runner))
#25 C:\xampp\htdocs\SPC\vendor\cakephp\cakephp\src\Routing\Middleware\RoutingMiddleware.php(118): Cake\Http\Runner->handle(Object(Cake\Http\ServerRequest))
#26 C:\xampp\htdocs\SPC\vendor\cakephp\cakephp\src\Http\Runner.php(82): Cake\Routing\Middleware\RoutingMiddleware->process(Object(Cake\Http\ServerRequest), Object(Cake\Http\Runner))
#27 C:\xampp\htdocs\SPC\vendor\cakephp\cakephp\src\Routing\Middleware\AssetMiddleware.php(71): Cake\Http\Runner->handle(Object(Cake\Http\ServerRequest))
#28 C:\xampp\htdocs\SPC\vendor\cakephp\cakephp\src\Http\Runner.php(82): Cake\Routing\Middleware\AssetMiddleware->process(Object(Cake\Http\ServerRequest), Object(Cake\Http\Runner))
#29 C:\xampp\htdocs\SPC\vendor\cakephp\cakephp\src\Error\Middleware\ErrorHandlerMiddleware.php(115): Cake\Http\Runner->handle(Object(Cake\Http\ServerRequest))
#30 C:\xampp\htdocs\SPC\vendor\cakephp\cakephp\src\Http\Runner.php(82): Cake\Error\Middleware\ErrorHandlerMiddleware->process(Object(Cake\Http\ServerRequest), Object(Cake\Http\Runner))
#31 C:\xampp\htdocs\SPC\vendor\cakephp\debug_kit\src\Middleware\DebugKitMiddleware.php(60): Cake\Http\Runner->handle(Object(Cake\Http\ServerRequest))
#32 C:\xampp\htdocs\SPC\vendor\cakephp\cakephp\src\Http\Runner.php(82): DebugKit\Middleware\DebugKitMiddleware->process(Object(Cake\Http\ServerRequest), Object(Cake\Http\Runner))
#33 C:\xampp\htdocs\SPC\vendor\cakephp\cakephp\src\Http\Runner.php(60): Cake\Http\Runner->handle(Object(Cake\Http\ServerRequest))
#34 C:\xampp\htdocs\SPC\vendor\cakephp\cakephp\src\Http\Server.php(98): Cake\Http\Runner->run(Object(Cake\Http\MiddlewareQueue), Object(Cake\Http\ServerRequest), Object(SPC\Application))
#35 C:\xampp\htdocs\SPC\webroot\index.php(38): Cake\Http\Server->run()
#36 {main}
[24-Apr-2026 10:29:17 America/Hermosillo] PHP Fatal error:  Maximum execution time of 30 seconds exceeded in C:\xampp\htdocs\SPC\vendor\cakephp\cakephp\src\Database\Driver.php on line 192
Stack trace:
#0 C:\xampp\htdocs\SPC\vendor\cakephp\cakephp\src\Database\Driver.php(192): PDO->__construct('...', '...', Object(SensitiveParameterValue), Array)
#1 C:\xampp\htdocs\SPC\vendor\cakephp\cakephp\src\Core\Retry\CommandRetry.php(71): Cake\Database\Driver->{closure:Cake\Database\Driver::createPdo():192}()
#2 C:\xampp\htdocs\SPC\vendor\cakephp\cakephp\src\Database\Driver.php(201): Cake\Core\Retry\CommandRetry->run(Object(Closure))
#3 C:\xampp\htdocs\SPC\vendor\cakephp\cakephp\src\Database\Driver\Mysql.php(161): Cake\Database\Driver->createPdo('...', Array)
#4 C:\xampp\htdocs\SPC\vendor\cakephp\cakephp\src\Database\Schema\SchemaDialect.php(60): Cake\Database\Driver\Mysql->connect()
#5 C:\xampp\htdocs\SPC\vendor\cakephp\cakephp\src\Database\Driver\Mysql.php(207): Cake\Database\Schema\SchemaDialect->__construct(Object(Cake\Database\Driver\Mysql))
#6 C:\xampp\htdocs\SPC\vendor\cakephp\cakephp\src\Database\Schema\Collection.php(97): Cake\Database\Driver\Mysql->schemaDialect()
#7 C:\xampp\htdocs\SPC\vendor\cakephp\cakephp\src\Database\Schema\Collection.php(87): Cake\Database\Schema\Collection->getDialect()
#8 C:\xampp\htdocs\SPC\vendor\cakephp\cakephp\src\Database\Schema\CachedCollection.php(107): Cake\Database\Schema\Collection->describe('...', Array)
#9 C:\xampp\htdocs\SPC\vendor\cakephp\cakephp\src\ORM\Table.php(525): Cake\Database\Schema\CachedCollection->describe('...')
#10 C:\xampp\htdocs\SPC\vendor\cakephp\cakephp\src\ORM\Query\CommonQueryTrait.php(50): Cake\ORM\Table->getSchema()
#11 C:\xampp\htdocs\SPC\vendor\cakephp\cakephp\src\ORM\Query\SelectQuery.php(209): Cake\ORM\Query\SelectQuery->addDefaultTypes(Object(SPC\Model\Table\RolesTable))
#12 C:\xampp\htdocs\SPC\vendor\cakephp\cakephp\src\ORM\Query\QueryFactory.php(34): Cake\ORM\Query\SelectQuery->__construct(Object(SPC\Model\Table\RolesTable))
#13 C:\xampp\htdocs\SPC\vendor\cakephp\cakephp\src\ORM\Table.php(1755): Cake\ORM\Query\QueryFactory->select(Object(SPC\Model\Table\RolesTable))
#14 C:\xampp\htdocs\SPC\vendor\cakephp\cakephp\src\ORM\Table.php(1279): Cake\ORM\Table->selectQuery()
#15 C:\xampp\htdocs\SPC\src\Controller\RolesController.php(91): Cake\ORM\Table->find()
#16 C:\xampp\htdocs\SPC\src\Controller\RolesController.php(30): SPC\Controller\RolesController->getRequestedRol()
#17 C:\xampp\htdocs\SPC\vendor\cakephp\cakephp\src\Controller\Controller.php(503): SPC\Controller\RolesController->view()
#18 C:\xampp\htdocs\SPC\vendor\cakephp\cakephp\src\Controller\ControllerFactory.php(166): Cake\Controller\Controller->invokeAction(Object(Closure), Array)
#19 C:\xampp\htdocs\SPC\vendor\cakephp\cakephp\src\Controller\ControllerFactory.php(141): Cake\Controller\ControllerFactory->handle(Object(Cake\Http\ServerRequest))
#20 C:\xampp\htdocs\SPC\vendor\cakephp\cakephp\src\Http\BaseApplication.php(362): Cake\Controller\ControllerFactory->invoke(Object(SPC\Controller\RolesController))
#21 C:\xampp\htdocs\SPC\vendor\cakephp\cakephp\src\Http\Runner.php(86): Cake\Http\BaseApplication->handle(Object(Cake\Http\ServerRequest))
#22 C:\xampp\htdocs\SPC\vendor\cakephp\authentication\src\Middleware\AuthenticationMiddleware.php(103): Cake\Http\Runner->handle(Object(Cake\Http\ServerRequest))
#23 C:\xampp\htdocs\SPC\vendor\cakephp\cakephp\src\Http\Runner.php(82): Authentication\Middleware\AuthenticationMiddleware->process(Object(Cake\Http\ServerRequest), Object(Cake\Http\Runner))
#24 C:\xampp\htdocs\SPC\vendor\cakephp\cakephp\src\Http\Middleware\CsrfProtectionMiddleware.php(169): Cake\Http\Runner->handle(Object(Cake\Http\ServerRequest))
#25 C:\xampp\htdocs\SPC\vendor\cakephp\cakephp\src\Http\Runner.php(82): Cake\Http\Middleware\CsrfProtectionMiddleware->process(Object(Cake\Http\ServerRequest), Object(Cake\Http\Runner))
#26 C:\xampp\htdocs\SPC\vendor\cakephp\cakephp\src\Http\Middleware\BodyParserMiddleware.php(157): Cake\Http\Runner->handle(Object(Cake\Http\ServerRequest))
#27 C:\xampp\htdocs\SPC\vendor\cakephp\cakephp\src\Http\Runner.php(82): Cake\Http\Middleware\BodyParserMiddleware->process(Object(Cake\Http\ServerRequest), Object(Cake\Http\Runner))
#28 C:\xampp\htdocs\SPC\vendor\cakephp\cakephp\src\Routing\Middleware\RoutingMiddleware.php(118): Cake\Http\Runner->handle(Object(Cake\Http\ServerRequest))
#29 C:\xampp\htdocs\SPC\vendor\cakephp\cakephp\src\Http\Runner.php(82): Cake\Routing\Middleware\RoutingMiddleware->process(Object(Cake\Http\ServerRequest), Object(Cake\Http\Runner))
#30 C:\xampp\htdocs\SPC\vendor\cakephp\cakephp\src\Routing\Middleware\AssetMiddleware.php(71): Cake\Http\Runner->handle(Object(Cake\Http\ServerRequest))
#31 C:\xampp\htdocs\SPC\vendor\cakephp\cakephp\src\Http\Runner.php(82): Cake\Routing\Middleware\AssetMiddleware->process(Object(Cake\Http\ServerRequest), Object(Cake\Http\Runner))
#32 C:\xampp\htdocs\SPC\vendor\cakephp\cakephp\src\Error\Middleware\ErrorHandlerMiddleware.php(115): Cake\Http\Runner->handle(Object(Cake\Http\ServerRequest))
#33 C:\xampp\htdocs\SPC\vendor\cakephp\cakephp\src\Http\Runner.php(82): Cake\Error\Middleware\ErrorHandlerMiddleware->process(Object(Cake\Http\ServerRequest), Object(Cake\Http\Runner))
#34 C:\xampp\htdocs\SPC\vendor\cakephp\debug_kit\src\Middleware\DebugKitMiddleware.php(60): Cake\Http\Runner->handle(Object(Cake\Http\ServerRequest))
#35 C:\xampp\htdocs\SPC\vendor\cakephp\cakephp\src\Http\Runner.php(82): DebugKit\Middleware\DebugKitMiddleware->process(Object(Cake\Http\ServerRequest), Object(Cake\Http\Runner))
#36 C:\xampp\htdocs\SPC\vendor\cakephp\cakephp\src\Http\Runner.php(60): Cake\Http\Runner->handle(Object(Cake\Http\ServerRequest))
#37 C:\xampp\htdocs\SPC\vendor\cakephp\cakephp\src\Http\Server.php(98): Cake\Http\Runner->run(Object(Cake\Http\MiddlewareQueue), Object(Cake\Http\ServerRequest), Object(SPC\Application))
#38 C:\xampp\htdocs\SPC\webroot\index.php(38): Cake\Http\Server->run()
#39 {main}
[24-Apr-2026 10:32:15 America/Hermosillo] PHP Fatal error:  Maximum execution time of 30 seconds exceeded in C:\xampp\htdocs\SPC\vendor\cakephp\cakephp\src\Database\Driver.php on line 192
Stack trace:
#0 C:\xampp\htdocs\SPC\vendor\cakephp\cakephp\src\Database\Driver.php(192): PDO->__construct('...', '...', Object(SensitiveParameterValue), Array)
#1 C:\xampp\htdocs\SPC\vendor\cakephp\cakephp\src\Core\Retry\CommandRetry.php(71): Cake\Database\Driver->{closure:Cake\Database\Driver::createPdo():192}()
#2 C:\xampp\htdocs\SPC\vendor\cakephp\cakephp\src\Database\Driver.php(201): Cake\Core\Retry\CommandRetry->run(Object(Closure))
#3 C:\xampp\htdocs\SPC\vendor\cakephp\cakephp\src\Database\Driver\Mysql.php(161): Cake\Database\Driver->createPdo('...', Array)
#4 C:\xampp\htdocs\SPC\vendor\cakephp\cakephp\src\Database\Schema\SchemaDialect.php(60): Cake\Database\Driver\Mysql->connect()
#5 C:\xampp\htdocs\SPC\vendor\cakephp\cakephp\src\Database\Driver\Mysql.php(207): Cake\Database\Schema\SchemaDialect->__construct(Object(Cake\Database\Driver\Mysql))
#6 C:\xampp\htdocs\SPC\vendor\cakephp\cakephp\src\Database\Schema\Collection.php(97): Cake\Database\Driver\Mysql->schemaDialect()
#7 C:\xampp\htdocs\SPC\vendor\cakephp\cakephp\src\Database\Schema\Collection.php(87): Cake\Database\Schema\Collection->getDialect()
#8 C:\xampp\htdocs\SPC\vendor\cakephp\cakephp\src\Database\Schema\CachedCollection.php(107): Cake\Database\Schema\Collection->describe('...', Array)
#9 C:\xampp\htdocs\SPC\vendor\cakephp\cakephp\src\ORM\Table.php(525): Cake\Database\Schema\CachedCollection->describe('...')
#10 C:\xampp\htdocs\SPC\vendor\cakephp\cakephp\src\ORM\Query\CommonQueryTrait.php(50): Cake\ORM\Table->getSchema()
#11 C:\xampp\htdocs\SPC\vendor\cakephp\cakephp\src\ORM\Query\SelectQuery.php(209): Cake\ORM\Query\SelectQuery->addDefaultTypes(Object(SPC\Model\Table\RolesTable))
#12 C:\xampp\htdocs\SPC\vendor\cakephp\cakephp\src\ORM\Query\QueryFactory.php(34): Cake\ORM\Query\SelectQuery->__construct(Object(SPC\Model\Table\RolesTable))
#13 C:\xampp\htdocs\SPC\vendor\cakephp\cakephp\src\ORM\Table.php(1755): Cake\ORM\Query\QueryFactory->select(Object(SPC\Model\Table\RolesTable))
#14 C:\xampp\htdocs\SPC\vendor\cakephp\cakephp\src\ORM\Table.php(1279): Cake\ORM\Table->selectQuery()
#15 C:\xampp\htdocs\SPC\src\Controller\RolesController.php(91): Cake\ORM\Table->find()
#16 C:\xampp\htdocs\SPC\src\Controller\RolesController.php(30): SPC\Controller\RolesController->getRequestedRol()
#17 C:\xampp\htdocs\SPC\vendor\cakephp\cakephp\src\Controller\Controller.php(503): SPC\Controller\RolesController->view()
#18 C:\xampp\htdocs\SPC\vendor\cakephp\cakephp\src\Controller\ControllerFactory.php(166): Cake\Controller\Controller->invokeAction(Object(Closure), Array)
#19 C:\xampp\htdocs\SPC\vendor\cakephp\cakephp\src\Controller\ControllerFactory.php(141): Cake\Controller\ControllerFactory->handle(Object(Cake\Http\ServerRequest))
#20 C:\xampp\htdocs\SPC\vendor\cakephp\cakephp\src\Http\BaseApplication.php(362): Cake\Controller\ControllerFactory->invoke(Object(SPC\Controller\RolesController))
#21 C:\xampp\htdocs\SPC\vendor\cakephp\cakephp\src\Http\Runner.php(86): Cake\Http\BaseApplication->handle(Object(Cake\Http\ServerRequest))
#22 C:\xampp\htdocs\SPC\vendor\cakephp\authentication\src\Middleware\AuthenticationMiddleware.php(103): Cake\Http\Runner->handle(Object(Cake\Http\ServerRequest))
#23 C:\xampp\htdocs\SPC\vendor\cakephp\cakephp\src\Http\Runner.php(82): Authentication\Middleware\AuthenticationMiddleware->process(Object(Cake\Http\ServerRequest), Object(Cake\Http\Runner))
#24 C:\xampp\htdocs\SPC\vendor\cakephp\cakephp\src\Http\Middleware\CsrfProtectionMiddleware.php(169): Cake\Http\Runner->handle(Object(Cake\Http\ServerRequest))
#25 C:\xampp\htdocs\SPC\vendor\cakephp\cakephp\src\Http\Runner.php(82): Cake\Http\Middleware\CsrfProtectionMiddleware->process(Object(Cake\Http\ServerRequest), Object(Cake\Http\Runner))
#26 C:\xampp\htdocs\SPC\vendor\cakephp\cakephp\src\Http\Middleware\BodyParserMiddleware.php(157): Cake\Http\Runner->handle(Object(Cake\Http\ServerRequest))
#27 C:\xampp\htdocs\SPC\vendor\cakephp\cakephp\src\Http\Runner.php(82): Cake\Http\Middleware\BodyParserMiddleware->process(Object(Cake\Http\ServerRequest), Object(Cake\Http\Runner))
#28 C:\xampp\htdocs\SPC\vendor\cakephp\cakephp\src\Routing\Middleware\RoutingMiddleware.php(118): Cake\Http\Runner->handle(Object(Cake\Http\ServerRequest))
#29 C:\xampp\htdocs\SPC\vendor\cakephp\cakephp\src\Http\Runner.php(82): Cake\Routing\Middleware\RoutingMiddleware->process(Object(Cake\Http\ServerRequest), Object(Cake\Http\Runner))
#30 C:\xampp\htdocs\SPC\vendor\cakephp\cakephp\src\Routing\Middleware\AssetMiddleware.php(71): Cake\Http\Runner->handle(Object(Cake\Http\ServerRequest))
#31 C:\xampp\htdocs\SPC\vendor\cakephp\cakephp\src\Http\Runner.php(82): Cake\Routing\Middleware\AssetMiddleware->process(Object(Cake\Http\ServerRequest), Object(Cake\Http\Runner))
#32 C:\xampp\htdocs\SPC\vendor\cakephp\cakephp\src\Error\Middleware\ErrorHandlerMiddleware.php(115): Cake\Http\Runner->handle(Object(Cake\Http\ServerRequest))
#33 C:\xampp\htdocs\SPC\vendor\cakephp\cakephp\src\Http\Runner.php(82): Cake\Error\Middleware\ErrorHandlerMiddleware->process(Object(Cake\Http\ServerRequest), Object(Cake\Http\Runner))
#34 C:\xampp\htdocs\SPC\vendor\cakephp\debug_kit\src\Middleware\DebugKitMiddleware.php(60): Cake\Http\Runner->handle(Object(Cake\Http\ServerRequest))
#35 C:\xampp\htdocs\SPC\vendor\cakephp\cakephp\src\Http\Runner.php(82): DebugKit\Middleware\DebugKitMiddleware->process(Object(Cake\Http\ServerRequest), Object(Cake\Http\Runner))
#36 C:\xampp\htdocs\SPC\vendor\cakephp\cakephp\src\Http\Runner.php(60): Cake\Http\Runner->handle(Object(Cake\Http\ServerRequest))
#37 C:\xampp\htdocs\SPC\vendor\cakephp\cakephp\src\Http\Server.php(98): Cake\Http\Runner->run(Object(Cake\Http\MiddlewareQueue), Object(Cake\Http\ServerRequest), Object(SPC\Application))
#38 C:\xampp\htdocs\SPC\webroot\index.php(38): Cake\Http\Server->run()
#39 {main}
[24-Apr-2026 10:43:25 America/Hermosillo] PHP Fatal error:  Maximum execution time of 30 seconds exceeded in C:\xampp\htdocs\SPC\vendor\cakephp\cakephp\src\Database\Driver.php on line 192
Stack trace:
#0 C:\xampp\htdocs\SPC\vendor\cakephp\cakephp\src\Database\Driver.php(192): PDO->__construct('...', '...', Object(SensitiveParameterValue), Array)
#1 C:\xampp\htdocs\SPC\vendor\cakephp\cakephp\src\Core\Retry\CommandRetry.php(71): Cake\Database\Driver->{closure:Cake\Database\Driver::createPdo():192}()
#2 C:\xampp\htdocs\SPC\vendor\cakephp\cakephp\src\Database\Driver.php(201): Cake\Core\Retry\CommandRetry->run(Object(Closure))
#3 C:\xampp\htdocs\SPC\vendor\cakephp\cakephp\src\Database\Driver\Mysql.php(161): Cake\Database\Driver->createPdo('...', Array)
#4 C:\xampp\htdocs\SPC\vendor\cakephp\cakephp\src\Database\Schema\SchemaDialect.php(60): Cake\Database\Driver\Mysql->connect()
#5 C:\xampp\htdocs\SPC\vendor\cakephp\cakephp\src\Database\Driver\Mysql.php(207): Cake\Database\Schema\SchemaDialect->__construct(Object(Cake\Database\Driver\Mysql))
#6 C:\xampp\htdocs\SPC\vendor\cakephp\cakephp\src\Database\Schema\Collection.php(97): Cake\Database\Driver\Mysql->schemaDialect()
#7 C:\xampp\htdocs\SPC\vendor\cakephp\cakephp\src\Database\Schema\Collection.php(87): Cake\Database\Schema\Collection->getDialect()
#8 C:\xampp\htdocs\SPC\vendor\cakephp\cakephp\src\Database\Schema\CachedCollection.php(107): Cake\Database\Schema\Collection->describe('...', Array)
#9 C:\xampp\htdocs\SPC\vendor\cakephp\cakephp\src\ORM\Table.php(525): Cake\Database\Schema\CachedCollection->describe('...')
#10 C:\xampp\htdocs\SPC\vendor\cakephp\cakephp\src\ORM\Query\CommonQueryTrait.php(50): Cake\ORM\Table->getSchema()
#11 C:\xampp\htdocs\SPC\vendor\cakephp\cakephp\src\ORM\Query\SelectQuery.php(209): Cake\ORM\Query\SelectQuery->addDefaultTypes(Object(SPC\Model\Table\RolesTable))
#12 C:\xampp\htdocs\SPC\vendor\cakephp\cakephp\src\ORM\Query\QueryFactory.php(34): Cake\ORM\Query\SelectQuery->__construct(Object(SPC\Model\Table\RolesTable))
#13 C:\xampp\htdocs\SPC\vendor\cakephp\cakephp\src\ORM\Table.php(1755): Cake\ORM\Query\QueryFactory->select(Object(SPC\Model\Table\RolesTable))
#14 C:\xampp\htdocs\SPC\vendor\cakephp\cakephp\src\ORM\Table.php(1279): Cake\ORM\Table->selectQuery()
#15 C:\xampp\htdocs\SPC\src\Controller\RolesController.php(91): Cake\ORM\Table->find()
#16 C:\xampp\htdocs\SPC\src\Controller\RolesController.php(30): SPC\Controller\RolesController->getRequestedRol()
#17 C:\xampp\htdocs\SPC\vendor\cakephp\cakephp\src\Controller\Controller.php(503): SPC\Controller\RolesController->view()
#18 C:\xampp\htdocs\SPC\vendor\cakephp\cakephp\src\Controller\ControllerFactory.php(166): Cake\Controller\Controller->invokeAction(Object(Closure), Array)
#19 C:\xampp\htdocs\SPC\vendor\cakephp\cakephp\src\Controller\ControllerFactory.php(141): Cake\Controller\ControllerFactory->handle(Object(Cake\Http\ServerRequest))
#20 C:\xampp\htdocs\SPC\vendor\cakephp\cakephp\src\Http\BaseApplication.php(362): Cake\Controller\ControllerFactory->invoke(Object(SPC\Controller\RolesController))
#21 C:\xampp\htdocs\SPC\vendor\cakephp\cakephp\src\Http\Runner.php(86): Cake\Http\BaseApplication->handle(Object(Cake\Http\ServerRequest))
#22 C:\xampp\htdocs\SPC\vendor\cakephp\authentication\src\Middleware\AuthenticationMiddleware.php(103): Cake\Http\Runner->handle(Object(Cake\Http\ServerRequest))
#23 C:\xampp\htdocs\SPC\vendor\cakephp\cakephp\src\Http\Runner.php(82): Authentication\Middleware\AuthenticationMiddleware->process(Object(Cake\Http\ServerRequest), Object(Cake\Http\Runner))
#24 C:\xampp\htdocs\SPC\vendor\cakephp\cakephp\src\Http\Middleware\CsrfProtectionMiddleware.php(169): Cake\Http\Runner->handle(Object(Cake\Http\ServerRequest))
#25 C:\xampp\htdocs\SPC\vendor\cakephp\cakephp\src\Http\Runner.php(82): Cake\Http\Middleware\CsrfProtectionMiddleware->process(Object(Cake\Http\ServerRequest), Object(Cake\Http\Runner))
#26 C:\xampp\htdocs\SPC\vendor\cakephp\cakephp\src\Http\Middleware\BodyParserMiddleware.php(157): Cake\Http\Runner->handle(Object(Cake\Http\ServerRequest))
#27 C:\xampp\htdocs\SPC\vendor\cakephp\cakephp\src\Http\Runner.php(82): Cake\Http\Middleware\BodyParserMiddleware->process(Object(Cake\Http\ServerRequest), Object(Cake\Http\Runner))
#28 C:\xampp\htdocs\SPC\vendor\cakephp\cakephp\src\Routing\Middleware\RoutingMiddleware.php(118): Cake\Http\Runner->handle(Object(Cake\Http\ServerRequest))
#29 C:\xampp\htdocs\SPC\vendor\cakephp\cakephp\src\Http\Runner.php(82): Cake\Routing\Middleware\RoutingMiddleware->process(Object(Cake\Http\ServerRequest), Object(Cake\Http\Runner))
#30 C:\xampp\htdocs\SPC\vendor\cakephp\cakephp\src\Routing\Middleware\AssetMiddleware.php(71): Cake\Http\Runner->handle(Object(Cake\Http\ServerRequest))
#31 C:\xampp\htdocs\SPC\vendor\cakephp\cakephp\src\Http\Runner.php(82): Cake\Routing\Middleware\AssetMiddleware->process(Object(Cake\Http\ServerRequest), Object(Cake\Http\Runner))
#32 C:\xampp\htdocs\SPC\vendor\cakephp\cakephp\src\Error\Middleware\ErrorHandlerMiddleware.php(115): Cake\Http\Runner->handle(Object(Cake\Http\ServerRequest))
#33 C:\xampp\htdocs\SPC\vendor\cakephp\cakephp\src\Http\Runner.php(82): Cake\Error\Middleware\ErrorHandlerMiddleware->process(Object(Cake\Http\ServerRequest), Object(Cake\Http\Runner))
#34 C:\xampp\htdocs\SPC\vendor\cakephp\debug_kit\src\Middleware\DebugKitMiddleware.php(60): Cake\Http\Runner->handle(Object(Cake\Http\ServerRequest))
#35 C:\xampp\htdocs\SPC\vendor\cakephp\cakephp\src\Http\Runner.php(82): DebugKit\Middleware\DebugKitMiddleware->process(Object(Cake\Http\ServerRequest), Object(Cake\Http\Runner))
#36 C:\xampp\htdocs\SPC\vendor\cakephp\cakephp\src\Http\Runner.php(60): Cake\Http\Runner->handle(Object(Cake\Http\ServerRequest))
#37 C:\xampp\htdocs\SPC\vendor\cakephp\cakephp\src\Http\Server.php(98): Cake\Http\Runner->run(Object(Cake\Http\MiddlewareQueue), Object(Cake\Http\ServerRequest), Object(SPC\Application))
#38 C:\xampp\htdocs\SPC\webroot\index.php(38): Cake\Http\Server->run()
#39 {main}
